<?xml version="1.0" encoding="UTF-8"?>
<testng-results skipped="0" failed="0" ignored="0" total="1" passed="1">
  <reporter-output>
  </reporter-output>
  <suite name="Default suite" duration-ms="17916" started-at="2019-06-19T14:32:42Z" finished-at="2019-06-19T14:33:00Z">
    <groups>
    </groups>
    <test name="Default test" duration-ms="17916" started-at="2019-06-19T14:32:42Z" finished-at="2019-06-19T14:33:00Z">
      <class name="basicSelenium.SeleniumClass3">
        <test-method status="PASS" signature="test()[pri:0, instance:basicSelenium.SeleniumClass3@42f93a98]" name="test" duration-ms="17876" started-at="2019-06-19T14:32:42Z" finished-at="2019-06-19T14:33:00Z">
          <reporter-output>
          </reporter-output>
        </test-method> <!-- test -->
      </class> <!-- basicSelenium.SeleniumClass3 -->
    </test> <!-- Default test -->
  </suite> <!-- Default suite -->
</testng-results>
