<?xml version="1.0" encoding="UTF-8"?>
<testng-results skipped="0" failed="0" ignored="0" total="1" passed="1">
  <reporter-output>
  </reporter-output>
  <suite name="Default suite" duration-ms="40118" started-at="2019-07-01T14:15:20Z" finished-at="2019-07-01T14:16:00Z">
    <groups>
    </groups>
    <test name="Default test" duration-ms="40118" started-at="2019-07-01T14:15:20Z" finished-at="2019-07-01T14:16:00Z">
      <class name="testScripts.TC_Login">
        <test-method status="PASS" signature="initialize()[pri:0, instance:testScripts.TC_Login@4678c730]" name="initialize" is-config="true" duration-ms="18333" started-at="2019-07-01T14:15:20Z" finished-at="2019-07-01T14:15:39Z">
          <reporter-output>
          </reporter-output>
        </test-method> <!-- initialize -->
        <test-method status="PASS" signature="script()[pri:0, instance:testScripts.TC_Login@4678c730]" name="script" duration-ms="20834" started-at="2019-07-01T14:15:39Z" finished-at="2019-07-01T14:16:00Z">
          <reporter-output>
          </reporter-output>
        </test-method> <!-- script -->
        <test-method status="PASS" signature="teardown()[pri:0, instance:testScripts.TC_Login@4678c730]" name="teardown" is-config="true" duration-ms="901" started-at="2019-07-01T14:16:00Z" finished-at="2019-07-01T14:16:00Z">
          <reporter-output>
          </reporter-output>
        </test-method> <!-- teardown -->
      </class> <!-- testScripts.TC_Login -->
    </test> <!-- Default test -->
  </suite> <!-- Default suite -->
</testng-results>
