<?xml version="1.0" encoding="UTF-8"?>
<!-- Generated by org.testng.reporters.JUnitXMLReporter -->
<testsuite hostname="DESKTOP-143431I" ignored="0" name="Smoke Test" tests="3" failures="0" timestamp="12 Jun 2019 15:56:26 GMT" time="0.079" errors="0">
  <testcase name="test3" time="0.0" classname="basicAnnotations.TestNGClass3"/>
  <testcase name="est2" time="0.0" classname="basicAnnotations.TestNGClass2"/>
  <testcase name="test1" time="0.0" classname="basicAnnotations.TestNGClass2"/>
</testsuite> <!-- Smoke Test -->
